android/app/build/outputs/mapping/release/configuration.txt
# The proguard configuration file for the following section is default_proguard_files\global\proguard-android-optimize.txt-8.2.2
# This is a configuration file for ProGuard.
# http://proguard.sourceforge.net/index.html#manual/usage.html
#
# Starting with version 2.2 of the Android plugin for Gradle, this file is distributed together with
# the plugin and unpacked at build-time. The files in $ANDROID_HOME are no longer maintained and
# will be ignored by new version of the Android plugin for Gradle.

# Optimizations: If you don't want to optimize, use the proguard-android.txt configuration file
# instead of this one, which turns off the optimization flags.
# Adding optimization introduces certain risks, since for example not all optimizations performed by
# ProGuard works on all versions of Dalvik.  The following flags turn off various optimizations
# known to have issues, but the list may not be complete or up to date. (The "arithmetic"
# optimization can be used if you are only targeting Android 2.0 or later.)  Make sure you test
# thoroughly if you go this route.
-optimizations !code/simplification/arithmetic,!code/simplification/cast,!field/*,!class/merging/*
-optimizationpasses 5
-allowaccessmodification

-dontusemixedcaseclassnames
-dontskipnonpubliclibraryclasses
-verbose

# Preserve some attributes that may be required for reflection.
-keepattributes AnnotationDefault,
                EnclosingMethod,
                InnerClasses,
                RuntimeVisibleAnnotations,
                RuntimeVisibleParameterAnnotations,
                RuntimeVisibleTypeAnnotations,
                Signature

-keep public class com.google.vending.licensing.ILicensingService
-keep public class com.android.vending.licensing.ILicensingService
-keep public class com.google.android.vending.licensing.ILicensingService
-dontnote com.android.vending.licensing.ILicensingService
-dontnote com.google.vending.licensing.ILicensingService
-dontnote com.google.android.vending.licensing.ILicensingService

# For native methods, see http://proguard.sourceforge.net/manual/examples.html#native
-keepclasseswithmembernames,includedescriptorclasses class * {
    native <methods>;
}

# Keep setters in Views so that animations can still work.
-keepclassmembers public class * extends android.view.View {
    void set*(***);
    *** get*();
}

# We want to keep methods in Activity that could be used in the XML attribute onClick.
-keepclassmembers class * extends android.app.Activity {
    public void *(android.view.View);
}

# For enumeration classes, see http://proguard.sourceforge.net/manual/examples.html#enumerations
-keepclassmembers enum * {
    public static **[] values();
    public static ** valueOf(java.lang.String);
}

-keepclassmembers class * implements android.os.Parcelable {
    public static final ** CREATOR;
}

# Preserve annotated Javascript interface methods.
-keepclassmembers class * {
    @android.webkit.JavascriptInterface <methods>;
}

# The support libraries contains references to newer platform versions.
# Don't warn about those in case this app is linking against an older
# platform version. We know about them, and they are safe.
-dontnote android.support.**
-dontnote androidx.**
-dontwarn android.support.**
-dontwarn androidx.**

# This class is deprecated, but remains for backward compatibility.
-dontwarn android.util.FloatMath

# Understand the @Keep support annotation.
-keep class android.support.annotation.Keep
-keep class androidx.annotation.Keep

-keep @android.support.annotation.Keep class * {*;}
-keep @androidx.annotation.Keep class * {*;}

-keepclasseswithmembers class * {
    @android.support.annotation.Keep <methods>;
}

-keepclasseswithmembers class * {
    @androidx.annotation.Keep <methods>;
}

-keepclasseswithmembers class * {
    @android.support.annotation.Keep <fields>;
}

-keepclasseswithmembers class * {
    @androidx.annotation.Keep <fields>;
}

-keepclasseswithmembers class * {
    @android.support.annotation.Keep <init>(...);
}

-keepclasseswithmembers class * {
    @androidx.annotation.Keep <init>(...);
}

# These classes are duplicated between android.jar and org.apache.http.legacy.jar.
-dontnote org.apache.http.**
-dontnote android.net.http.**

# These classes are duplicated between android.jar and core-lambda-stubs.jar.
-dontnote java.lang.invoke.**

# End of content from default_proguard_files\global\proguard-android-optimize.txt-8.2.2
# The proguard configuration file for the following section is android\app\proguard-rules.pro
# Add project specific ProGuard rules here.
# You can control the set of applied configuration files using the
# proguardFiles setting in build.gradle.kts.
#
# For more details, see
#   http://developer.android.com/guide/developing/tools/proguard.html

# Keep kotlinx serialization
-keepattributes *Annotation*, InnerClasses
-dontnote kotlinx.serialization.AnnotationsKt

-keepclassmembers class kotlinx.serialization.json.** {
    *** Companion;
}
-keepclasseswithmembers class kotlinx.serialization.json.** {
    kotlinx.serialization.KSerializer serializer(...);
}

-keep,includedescriptorclasses class com.justcook.**$$serializer { *; }
-keepclassmembers class com.justcook.** {
    *** Companion;
}
-keepclasseswithmembers class com.justcook.** {
    kotlinx.serialization.KSerializer serializer(...);
}

# Retrofit
-keepattributes Signature, InnerClasses, EnclosingMethod
-keepattributes RuntimeVisibleAnnotations, RuntimeVisibleParameterAnnotations
-keepclassmembers,allowshrinking,allowobfuscation interface * {
    @retrofit2.http.* <methods>;
}
-dontwarn org.codehaus.mojo.animal_sniffer.IgnoreJRERequirement
-dontwarn javax.annotation.**
-dontwarn kotlin.Unit
-dontwarn retrofit2.KotlinExtensions
-dontwarn retrofit2.KotlinExtensions$*

# OkHttp
-dontwarn okhttp3.**
-dontwarn okio.**
-dontwarn javax.annotation.**
-keepnames class okhttp3.internal.publicsuffix.PublicSuffixDatabase

# Coroutines
-keepnames class kotlinx.coroutines.internal.MainDispatcherFactory {}
-keepnames class kotlinx.coroutines.CoroutineExceptionHandler {}
-keepclassmembers class kotlinx.coroutines.** {
    volatile <fields>;
}

# End of content from android\app\proguard-rules.pro
# The proguard configuration file for the following section is aapt_proguard_file\release\aapt_rules.txt
-keep class androidx.core.app.CoreComponentFactory { <init>(); }
-keep class androidx.profileinstaller.ProfileInstallReceiver { <init>(); }
-keep class androidx.room.MultiInstanceInvalidationService { <init>(); }
-keep class androidx.startup.InitializationProvider { <init>(); }
-keep class com.justcook.android.JustCookApplication { <init>(); }
-keep class com.justcook.android.MainActivity { <init>(); }

# End of content from aapt_proguard_file\release\aapt_rules.txt
# The proguard configuration file for the following section is transformed\navigation-common-2.7.7\proguard.txt
# Copyright (C) 2019 The Android Open Source Project
#
# Licensed under the Apache License, Version 2.0 (the "License");
# you may not use this file except in compliance with the License.
# You may obtain a copy of the License at
#
#      http://www.apache.org/licenses/LICENSE-2.0
#
# Unless required by applicable law or agreed to in writing, software
# distributed under the License is distributed on an "AS IS" BASIS,
# WITHOUT WARRANTIES OR CONDITIONS OF ANY KIND, either express or implied.
# See the License for the specific language governing permissions and
# limitations under the License.

# NavArgsLazy creates NavArgs instances using reflection
-if public class ** implements androidx.navigation.NavArgs
-keepclassmembers public class <1> {
    ** fromBundle(android.os.Bundle);
}

# Retain the @Navigator.Name annotation on each subclass of Navigator.
# R8 full mode only retains annotations on items matched by a -keep rule,
# hence the extra -keep rule for the subclasses of Navigator.
#
# A -keep rule for the Navigator.Name annotation class is not required
# since the annotation is referenced from the code.
-keepattributes RuntimeVisibleAnnotations
-keep,allowobfuscation,allowshrinking class * extends androidx.navigation.Navigator

# End of content from transformed\navigation-common-2.7.7\proguard.txt
# The proguard configuration file for the following section is transformed\hilt-android-2.50\proguard.txt
# Keep for the reflective cast done in EntryPoints.
# See b/183070411#comment4 for more info.
-keep,allowobfuscation,allowshrinking @dagger.hilt.EntryPoint class *# Keep for the reflective cast done in EntryPoints.
# See b/183070411#comment4 for more info.
-keep,allowobfuscation,allowshrinking @dagger.hilt.android.EarlyEntryPoint class *# Keep class names of Hilt injected ViewModels since their name are used as a multibinding map key.
-keepnames @dagger.hilt.android.lifecycle.HiltViewModel class * extends androidx.lifecycle.ViewModel# Keep for the reflective cast done in EntryPoints.
# See b/183070411#comment4 for more info.
-keep,allowobfuscation,allowshrinking @dagger.hilt.internal.ComponentEntryPoint class *
-keep,allowobfuscation,allowshrinking @dagger.hilt.internal.GeneratedEntryPoint class *
# End of content from transformed\hilt-android-2.50\proguard.txt
# The proguard configuration file for the following section is transformed\fragment-1.5.1\proguard.txt
# Copyright (C) 2020 The Android Open Source Project
#
# Licensed under the Apache License, Version 2.0 (the "License");
# you may not use this file except in compliance with the License.
# You may obtain a copy of the License at
#
#      http://www.apache.org/licenses/LICENSE-2.0
#
# Unless required by applicable law or agreed to in writing, software
# distributed under the License is distributed on an "AS IS" BASIS,
# WITHOUT WARRANTIES OR CONDITIONS OF ANY KIND, either express or implied.
# See the License for the specific language governing permissions and
# limitations under the License.

# The default FragmentFactory creates Fragment instances using reflection
-if public class ** extends androidx.fragment.app.Fragment
-keepclasseswithmembers,allowobfuscation public class <1> {
    public <init>();
}

# End of content from transformed\fragment-1.5.1\proguard.txt
# The proguard configuration file for the following section is transformed\savedstate-1.2.1\proguard.txt
# Copyright (C) 2019 The Android Open Source Project
#
# Licensed under the Apache License, Version 2.0 (the "License");
# you may not use this file except in compliance with the License.
# You may obtain a copy of the License at
#
#      http://www.apache.org/licenses/LICENSE-2.0
#
# Unless required by applicable law or agreed to in writing, software
# distributed under the License is distributed on an "AS IS" BASIS,
# WITHOUT WARRANTIES OR CONDITIONS OF ANY KIND, either express or implied.
# See the License for the specific language governing permissions and
# limitations under the License.

-keepclassmembers,allowobfuscation class * implements androidx.savedstate.SavedStateRegistry$AutoRecreated {
    <init>();
}

# End of content from transformed\savedstate-1.2.1\proguard.txt
# The proguard configuration file for the following section is transformed\lifecycle-process-2.7.0\proguard.txt
# this rule is need to work properly when app is compiled with api 28, see b/142778206
-keepclassmembers class * extends androidx.lifecycle.EmptyActivityLifecycleCallbacks { *; }
# End of content from transformed\lifecycle-process-2.7.0\proguard.txt
# The proguard configuration file for the following section is transformed\lifecycle-viewmodel-2.7.0\proguard.txt
-keepclassmembers,allowobfuscation class * extends androidx.lifecycle.ViewModel {
    <init>();
}

-keepclassmembers,allowobfuscation class * extends androidx.lifecycle.AndroidViewModel {
    <init>(android.app.Application);
}

# End of content from transformed\lifecycle-viewmodel-2.7.0\proguard.txt
# The proguard configuration file for the following section is transformed\lifecycle-viewmodel-savedstate-2.7.0\proguard.txt
-keepclassmembers,allowobfuscation class * extends androidx.lifecycle.ViewModel {
    <init>(androidx.lifecycle.SavedStateHandle);
}

-keepclassmembers,allowobfuscation class * extends androidx.lifecycle.AndroidViewModel {
    <init>(android.app.Application,androidx.lifecycle.SavedStateHandle);
}

# End of content from transformed\lifecycle-viewmodel-savedstate-2.7.0\proguard.txt
# The proguard configuration file for the following section is transformed\lifecycle-runtime-2.7.0\proguard.txt
-keepattributes AnnotationDefault,
                RuntimeVisibleAnnotations,
                RuntimeVisibleParameterAnnotations,
                RuntimeVisibleTypeAnnotations

-keepclassmembers enum androidx.lifecycle.Lifecycle$Event {
    <fields>;
}

-keep class * implements androidx.lifecycle.GeneratedAdapter {
    <init>(...);
}

-keepclassmembers class ** {
    @androidx.lifecycle.OnLifecycleEvent *;
}

# this rule is need to work properly when app is compiled with api 28, see b/142778206
# Also this rule prevents registerIn from being inlined.
-keepclassmembers class androidx.lifecycle.ReportFragment$LifecycleCallbacks { *; }
# End of content from transformed\lifecycle-runtime-2.7.0\proguard.txt
# The proguard configuration file for the following section is transformed\ui-release\proguard.txt
# Copyright (C) 2020 The Android Open Source Project
#
# Licensed under the Apache License, Version 2.0 (the "License");
# you may not use this file except in compliance with the License.
# You may obtain a copy of the License at
#
#      http://www.apache.org/licenses/LICENSE-2.0
#
# Unless required by applicable law or agreed to in writing, software
# distributed under the License is distributed on an "AS IS" BASIS,
# WITHOUT WARRANTIES OR CONDITIONS OF ANY KIND, either express or implied.
# See the License for the specific language governing permissions and
# limitations under the License.

# We supply these as stubs and are able to link to them at runtime
# because they are hidden public classes in Android. We don't want
# R8 to complain about them not being there during optimization.
-dontwarn android.view.RenderNode
-dontwarn android.view.DisplayListCanvas

-keepclassmembers class androidx.compose.ui.platform.ViewLayerContainer {
    protected void dispatchGetDisplayList();
}

-keepclassmembers class androidx.compose.ui.platform.AndroidComposeView {
    android.view.View findViewByAccessibilityIdTraversal(int);
}

# Users can create Modifier.Node instances that implement multiple Modifier.Node interfaces,
# so we cannot tell whether two modifier.node instances are of the same type without using
# reflection to determine the class type. See b/265188224 for more context.
-keep,allowshrinking class * extends androidx.compose.ui.node.ModifierNodeElement

# End of content from transformed\ui-release\proguard.txt
# The proguard configuration file for the following section is transformed\vectordrawable-animated-1.1.0\proguard.txt
# Copyright (C) 2016 The Android Open Source Project
#
# Licensed under the Apache License, Version 2.0 (the "License");
# you may not use this file except in compliance with the License.
# You may obtain a copy of the License at
#
#      http://www.apache.org/licenses/LICENSE-2.0
#
# Unless required by applicable law or agreed to in writing, software
# distributed under the License is distributed on an "AS IS" BASIS,
# WITHOUT WARRANTIES OR CONDITIONS OF ANY KIND, either express or implied.
# See the License for the specific language governing permissions and
# limitations under the License.

# keep setters in VectorDrawables so that animations can still work.
-keepclassmembers class androidx.vectordrawable.graphics.drawable.VectorDrawableCompat$* {
   void set*(***);
   *** get*();
}

# End of content from transformed\vectordrawable-animated-1.1.0\proguard.txt
# The proguard configuration file for the following section is transformed\core-1.12.0\proguard.txt
# Never inline methods, but allow shrinking and obfuscation.
-keepclassmembernames,allowobfuscation,allowshrinking class androidx.core.view.ViewCompat$Api* {
  <methods>;
}
-keepclassmembernames,allowobfuscation,allowshrinking class androidx.core.view.WindowInsetsCompat$*Impl* {
  <methods>;
}
-keepclassmembernames,allowobfuscation,allowshrinking class androidx.core.app.NotificationCompat$*$Api*Impl {
  <methods>;
}
-keepclassmembernames,allowobfuscation,allowshrinking class androidx.core.os.UserHandleCompat$Api*Impl {
  <methods>;
}
-keepclassmembernames,allowobfuscation,allowshrinking class androidx.core.widget.EdgeEffectCompat$Api*Impl {
  <methods>;
}

# End of content from transformed\core-1.12.0\proguard.txt
# The proguard configuration file for the following section is transformed\room-runtime-2.6.1\proguard.txt
-keep class * extends androidx.room.RoomDatabase
-dontwarn androidx.room.paging.**
-dontwarn androidx.lifecycle.LiveData

# End of content from transformed\room-runtime-2.6.1\proguard.txt
# The proguard configuration file for the following section is transformed\datastore-preferences-1.0.0\proguard.txt
-keepclassmembers class * extends androidx.datastore.preferences.protobuf.GeneratedMessageLite {
    <fields>;
}
# End of content from transformed\datastore-preferences-1.0.0\proguard.txt
# The proguard configuration file for the following section is com.android.tools\r8\kotlinx-serialization-common.pro
# Keep `Companion` object fields of serializable classes.
# This avoids serializer lookup through `getDeclaredClasses` as done for named companion objects.
-if @kotlinx.serialization.Serializable class **
-keepclassmembers class <1> {
    static <1>$Companion Companion;
}

# Keep `serializer()` on companion objects (both default and named) of serializable classes.
-if @kotlinx.serialization.Serializable class ** {
    static **$* *;
}
-keepclassmembers class <2>$<3> {
    kotlinx.serialization.KSerializer serializer(...);
}

# Keep `INSTANCE.serializer()` of serializable objects.
-if @kotlinx.serialization.Serializable class ** {
    public static ** INSTANCE;
}
-keepclassmembers class <1> {
    public static <1> INSTANCE;
    kotlinx.serialization.KSerializer serializer(...);
}

# @Serializable and @Polymorphic are used at runtime for polymorphic serialization.
-keepattributes RuntimeVisibleAnnotations,AnnotationDefault

# Don't print notes about potential mistakes or omissions in the configuration for kotlinx-serialization classes
# See also https://github.com/Kotlin/kotlinx.serialization/issues/1900
-dontnote kotlinx.serialization.**

# Serialization core uses `java.lang.ClassValue` for caching inside these specified classes.
# If there is no `java.lang.ClassValue` (for example, in Android), then R8/ProGuard will print a warning.
# However, since in this case they will not be used, we can disable these warnings
-dontwarn kotlinx.serialization.internal.ClassValueReferences

# End of content from com.android.tools\r8\kotlinx-serialization-common.pro
# The proguard configuration file for the following section is com.android.tools\r8\kotlinx-serialization-r8.pro
# Rule to save runtime annotations on serializable class.
# If the R8 full mode is used, annotations are removed from classes-files.
#
# For the annotation serializer, it is necessary to read the `Serializable` annotation inside the serializer<T>() function - if it is present,
# then `SealedClassSerializer` is used, if absent, then `PolymorphicSerializer'.
#
# When using R8 full mode, all interfaces will be serialized using `PolymorphicSerializer`.
#
# see https://github.com/Kotlin/kotlinx.serialization/issues/2050

 -if @kotlinx.serialization.Serializable class **
 -keep, allowshrinking, allowoptimization, allowobfuscation, allowaccessmodification class <1>

# End of content from com.android.tools\r8\kotlinx-serialization-r8.pro
# The proguard configuration file for the following section is transformed\runtime-release\proguard.txt