android/app/build/outputs/mapping/release/seeds.txt
com.justcook.android.JustCookApplication_GeneratedInjector
com.justcook.android.JustCookApplication
com.justcook.android.MainActivity
com.justcook.android.MainActivity_GeneratedInjector
com.justcook.android.MainActivity: MainActivity()
com.justcook.android.JustCookApplication: JustCookApplication()
...
androidx.lifecycle.ProcessLifecycleOwner$attach$1: ProcessLifecycleOwner$attach$1(androidx.lifecycle.ProcessLifecycleOwner)
androidx.core.view.WindowInsetsCompat$BuilderImpl29: void setStableInsets(androidx.core.graphics.Insets)
androidx.core.view.WindowInsetsCompat$Impl: boolean isConsumed()
androidx.compose.ui.focus.CustomDestinationResult: androidx.compose.ui.focus.CustomDestinationResult valueOf(java.lang.String)
com.justcook.data.remote.dto.response.SessionDto$Companion: kotlinx.serialization.KSerializer serializer()
androidx.lifecycle.ReportFragment$LifecycleCallbacks: void onActivityStopped(android.app.Activity)
androidx.compose.ui.platform.AndroidComposeView: androidx.compose.ui.node.OwnerSnapshotObserver getSnapshotObserver()
androidx.compose.ui.layout.MeasuringIntrinsics$IntrinsicMinMax: androidx.compose.ui.layout.MeasuringIntrinsics$IntrinsicMinMax valueOf(java.lang.String)
androidx.compose.material3.TextFieldType: androidx.compose.material3.TextFieldType[] values()
com.justcook.data.remote.dto.response.SessionDto$$serializer: java.lang.Object deserialize(kotlinx.serialization.encoding.Decoder)
androidx.compose.ui.platform.ViewLayerContainer: void dispatchGetDisplayList()
androidx.compose.foundation.text.selection.SelectionHandleAnchor: androidx.compose.foundation.text.selection.SelectionHandleAnchor[] values()
androidx.vectordrawable.graphics.drawable.VectorDrawableCompat$VGroup: void setPivotY(float)
com.justcook.data.remote.dto.response.ChefStatsDto$$serializer: void serialize(kotlinx.serialization.encoding.Encoder,com.justcook.data.remote.dto.response.ChefStatsDto)
androidx.vectordrawable.graphics.drawable.VectorDrawableCompat$VFullPath: void setTrimPathOffset(float)
com.justcook.data.remote.dto.request.CreateCommentRequestDto$$serializer: com.justcook.data.remote.dto.request.CreateCommentRequestDto deserialize(kotlinx.serialization.encoding.Decoder)
com.justcook.data.remote.dto.request.GoogleCallbackRequestDto$$serializer: java.lang.Object deserialize(kotlinx.serialization.encoding.Decoder)
com.justcook.data.remote.dto.request.UpdateRecipeRequestDto$$serializer: kotlinx.serialization.KSerializer[] typeParametersSerializers()
com.justcook.data.remote.dto.response.BookmarkToggleResponseDto$$serializer: kotlinx.serialization.KSerializer[] childSerializers()
com.justcook.data.remote.dto.request.MagicLinkRequestDto$$serializer: MagicLinkRequestDto$$serializer()
com.justcook.data.remote.dto.request.IngredientInputDto$Companion: kotlinx.serialization.KSerializer serializer()
androidx.core.view.WindowInsetsCompat$Impl20: void setRootWindowInsets(androidx.core.view.WindowInsetsCompat)
com.justcook.data.remote.dto.response.StepDto$$serializer: StepDto$$serializer()
androidx.core.view.WindowInsetsCompat$BuilderImpl29: void setSystemWindowInsets(androidx.core.graphics.Insets)
androidx.compose.ui.platform.AndroidComposeView: kotlin.jvm.functions.Function1 getConfigurationChangeObserver()
com.justcook.data.remote.dto.request.EmailSignInRequestDto$$serializer: EmailSignInRequestDto$$serializer()
androidx.exifinterface.media.ExifInterfaceUtils$Api21Impl: java.io.FileDescriptor dup(java.io.FileDescriptor)
androidx.core.view.ViewCompat$Api16Impl: int getImportantForAccessibility(android.view.View)
com.justcook.data.remote.dto.request.FollowRequestDto$$serializer: kotlinx.serialization.descriptors.SerialDescriptor getDescriptor()
androidx.core.os.BundleApi18ImplKt: void putBinder(android.os.Bundle,java.lang.String,android.os.IBinder)
androidx.core.view.WindowInsetsCompat$BuilderImpl20: void setSystemWindowInsets(androidx.core.graphics.Insets)
androidx.core.view.WindowInsetsCompat$Impl30: androidx.core.graphics.Insets getInsets(int)
com.justcook.data.remote.dto.request.DeleteCommentRequestDto$$serializer: kotlinx.serialization.descriptors.SerialDescriptor getDescriptor()
androidx.compose.foundation.layout.IntrinsicSize: androidx.compose.foundation.layout.IntrinsicSize[] values()